<?xml version="1.0" encoding="UTF-8" ?>
<testsuite tests="3" failures="1" name="com.Neostox.TestCases.LoginPageTest" time="38.474" errors="0" skipped="0">
  <properties>
[...]
</properties>
  <testcase classname="com.Neostox.TestCases.LoginPageTest" name="LoginPageNavigationTest" time="37.658"/>
  <testcase classname="com.Neostox.TestCases.LoginPageTest" name="Logout" time="0.002"/>
  <testcase classname="com.Neostox.TestCases.LoginPageTest" name="testcas1" time="0.814">
    <failure type="java.lang.AssertionError:">java.lang.AssertionError: null
	at org.testng.Assert.fail(Assert.java:96)
	at org.testng.Assert.fail(Assert.java:103)
	at com.Neostox.TestCases.LoginPageTest.testcas1(LoginPageTest.java:37)
</failure>
    <system-out>chrome
Execuation is started
</system-out>
    <system-err>Starting ChromeDriver 104.0.5112.79 (3cf3e8c8a07d104b9e1260c910efb8f383285dc5-refs/branch-heads/5112@{#1307}) on port 41137
Only local connections are allowed.
Please see https://chromedriver.chromium.org/security-considerations for suggestions on keeping ChromeDriver safe.
ChromeDriver was started successfully.
Aug 15, 2022 11:44:12 PM org.openqa.selenium.remote.ProtocolHandshake createSession
INFO: Detected dialect: W3C
</system-err>
  </testcase>
</testsuite>