<?xml version="1.0" encoding="UTF-8"?>
<!-- Generated by org.testng.reporters.JUnitXMLReporter -->
<testsuite ignored="0" hostname="DESKTOP-F5U5V1J" failures="1" tests="3" name="Command line test" time="108.528" errors="0" timestamp="15 Aug 2022 18:14:24 GMT">
  <testcase classname="com.Neostox.TestCases.LoginPageTest" name="LoginPageNavigationTest" time="37.507"/>
  <testcase classname="com.Neostox.TestCases.LoginPageTest" name="Logout" time="0.0"/>
  <testcase classname="com.Neostox.TestCases.LoginPageTest" name="testcas1" time="0.001">
    <failure type="java.lang.AssertionError" message="null">
      <![CDATA[java.lang.AssertionError: null
at com.Neostox.TestCases.LoginPageTest.testcas1(LoginPageTest.java:37)
... Removed 36 stack frames]]>
    </failure>
  </testcase> <!-- testcas1 -->
</testsuite> <!-- Command line test -->
