<?xml version="1.0" encoding="UTF-8"?>
<!-- Generated by org.testng.reporters.JUnitXMLReporter -->
<testsuite hostname="DESKTOP-F5U5V1J" ignored="0" name="Command line test" tests="4" failures="1" timestamp="04 Sep 2022 13:07:53 GMT" time="100.501" errors="0">
  <testcase name="test1" time="0.009" classname="com.Neostox.TestCases.DashboardPageTest"/>
  <testcase name="LoginPageNavigationTest" time="17.81" classname="com.Neostox.TestCases.LoginPageTest"/>
  <testcase name="Logout" time="0.0" classname="com.Neostox.TestCases.LoginPageTest"/>
  <testcase name="testcas1" time="0.0" classname="com.Neostox.TestCases.LoginPageTest">
    <failure type="java.lang.AssertionError" message="null">
      <![CDATA[java.lang.AssertionError: null
at com.Neostox.TestCases.LoginPageTest.testcas1(LoginPageTest.java:37)
... Removed 37 stack frames]]>
    </failure>
  </testcase> <!-- testcas1 -->
</testsuite> <!-- Command line test -->
