<?xml version="1.0" encoding="UTF-8"?>
<testng-results ignored="0" total="3" passed="2" failed="1" skipped="0">
  <reporter-output>
  </reporter-output>
  <suite started-at="2022-09-03T17:48:45 IST" name="Suite" finished-at="2022-09-03T17:50:39 IST" duration-ms="113413">
    <groups>
    </groups>
    <test started-at="2022-09-03T17:48:45 IST" name="Test" finished-at="2022-09-03T17:50:39 IST" duration-ms="113413">
      <class name="com.Neostox.TestCases.LoginPageTest">
        <test-method is-config="true" signature="initalizeDriver()[pri:0, instance:com.Neostox.TestCases.LoginPageTest@48ae9b55]" started-at="2022-09-03T17:48:46 IST" name="initalizeDriver" finished-at="2022-09-03T17:49:38 IST" duration-ms="51865" status="PASS">
          <reporter-output>
          </reporter-output>
        </test-method> <!-- initalizeDriver -->
        <test-method signature="LoginPageNavigationTest()[pri:0, instance:com.Neostox.TestCases.LoginPageTest@48ae9b55]" started-at="2022-09-03T17:49:38 IST" name="LoginPageNavigationTest" finished-at="2022-09-03T17:50:01 IST" duration-ms="23418" status="PASS">
          <reporter-output>
          </reporter-output>
        </test-method> <!-- LoginPageNavigationTest -->
        <test-method is-config="true" signature="teardown()[pri:0, instance:com.Neostox.TestCases.LoginPageTest@48ae9b55]" started-at="2022-09-03T17:50:01 IST" name="teardown" finished-at="2022-09-03T17:50:03 IST" duration-ms="1879" status="PASS">
          <reporter-output>
          </reporter-output>
        </test-method> <!-- teardown -->
        <test-method is-config="true" signature="initalizeDriver()[pri:0, instance:com.Neostox.TestCases.LoginPageTest@48ae9b55]" started-at="2022-09-03T17:50:04 IST" name="initalizeDriver" finished-at="2022-09-03T17:50:24 IST" duration-ms="19830" status="PASS">
          <reporter-output>
          </reporter-output>
        </test-method> <!-- initalizeDriver -->
        <test-method signature="Logout()[pri:0, instance:com.Neostox.TestCases.LoginPageTest@48ae9b55]" started-at="2022-09-03T17:50:24 IST" name="Logout" finished-at="2022-09-03T17:50:24 IST" duration-ms="5" status="PASS">
          <reporter-output>
          </reporter-output>
        </test-method> <!-- Logout -->
        <test-method is-config="true" signature="teardown()[pri:0, instance:com.Neostox.TestCases.LoginPageTest@48ae9b55]" started-at="2022-09-03T17:50:24 IST" name="teardown" finished-at="2022-09-03T17:50:25 IST" duration-ms="936" status="PASS">
          <reporter-output>
          </reporter-output>
        </test-method> <!-- teardown -->
        <test-method is-config="true" signature="initalizeDriver()[pri:0, instance:com.Neostox.TestCases.LoginPageTest@48ae9b55]" started-at="2022-09-03T17:50:25 IST" name="initalizeDriver" finished-at="2022-09-03T17:50:37 IST" duration-ms="12069" status="PASS">
          <reporter-output>
          </reporter-output>
        </test-method> <!-- initalizeDriver -->
        <test-method signature="testcas1()[pri:0, instance:com.Neostox.TestCases.LoginPageTest@48ae9b55]" started-at="2022-09-03T17:50:37 IST" name="testcas1" finished-at="2022-09-03T17:50:37 IST" duration-ms="12" status="FAIL">
          <exception class="java.lang.AssertionError">
            <message>
              <![CDATA[null]]>
            </message>
            <full-stacktrace>
              <![CDATA[java.lang.AssertionError: null
at org.testng.Assert.fail(Assert.java:99)
at org.testng.Assert.fail(Assert.java:106)
at com.Neostox.TestCases.LoginPageTest.testcas1(LoginPageTest.java:37)
at java.base/jdk.internal.reflect.NativeMethodAccessorImpl.invoke0(Native Method)
at java.base/jdk.internal.reflect.NativeMethodAccessorImpl.invoke(NativeMethodAccessorImpl.java:62)
at java.base/jdk.internal.reflect.DelegatingMethodAccessorImpl.invoke(DelegatingMethodAccessorImpl.java:43)
at java.base/java.lang.reflect.Method.invoke(Method.java:564)
at org.testng.internal.MethodInvocationHelper.invokeMethod(MethodInvocationHelper.java:133)
at org.testng.internal.TestInvoker.invokeMethod(TestInvoker.java:598)
at org.testng.internal.TestInvoker.invokeTestMethod(TestInvoker.java:173)
at org.testng.internal.MethodRunner.runInSequence(MethodRunner.java:46)
at org.testng.internal.TestInvoker$MethodInvocationAgent.invoke(TestInvoker.java:824)
at org.testng.internal.TestInvoker.invokeTestMethods(TestInvoker.java:146)
at org.testng.internal.TestMethodWorker.invokeTestMethods(TestMethodWorker.java:146)
at org.testng.internal.TestMethodWorker.run(TestMethodWorker.java:128)
at java.base/java.util.concurrent.ThreadPoolExecutor.runWorker(ThreadPoolExecutor.java:1130)
at java.base/java.util.concurrent.ThreadPoolExecutor$Worker.run(ThreadPoolExecutor.java:630)
at java.base/java.lang.Thread.run(Thread.java:832)
]]>
            </full-stacktrace>
          </exception> <!-- java.lang.AssertionError -->
          <reporter-output>
          </reporter-output>
        </test-method> <!-- testcas1 -->
        <test-method is-config="true" signature="teardown()[pri:0, instance:com.Neostox.TestCases.LoginPageTest@48ae9b55]" started-at="2022-09-03T17:50:38 IST" name="teardown" finished-at="2022-09-03T17:50:39 IST" duration-ms="992" status="PASS">
          <reporter-output>
          </reporter-output>
        </test-method> <!-- teardown -->
      </class> <!-- com.Neostox.TestCases.LoginPageTest -->
    </test> <!-- Test -->
  </suite> <!-- Suite -->
</testng-results>
